Performing C SOURCE FILE Test CMAKE_HAVE_LIBC_PTHREAD failed with the following output:
Change Dir: /home/eemil/dev/karu/build/CMakeFiles/CMakeTmp

Run Build Command(s):/usr/bin/make -f Makefile cmTC_c28bd/fast && /usr/bin/make  -f CMakeFiles/cmTC_c28bd.dir/build.make CMakeFiles/cmTC_c28bd.dir/build
make[1]: Entering directory '/home/eemil/dev/karu/build/CMakeFiles/CMakeTmp'
Building C object CMakeFiles/cmTC_c28bd.dir/src.c.o
/usr/bin/cc -DCMAKE_HAVE_LIBC_PTHREAD   -o CMakeFiles/cmTC_c28bd.dir/src.c.o -c /home/eemil/dev/karu/build/CMakeFiles/CMakeTmp/src.c
Linking C executable cmTC_c28bd
/usr/bin/cmake -E cmake_link_script CMakeFiles/cmTC_c28bd.dir/link.txt --verbose=1
/usr/bin/cc CMakeFiles/cmTC_c28bd.dir/src.c.o -o cmTC_c28bd 
/usr/bin/ld: CMakeFiles/cmTC_c28bd.dir/src.c.o: in function `main':
src.c:(.text+0x3e): undefined reference to `pthread_create'
/usr/bin/ld: src.c:(.text+0x4a): undefined reference to `pthread_detach'
/usr/bin/ld: src.c:(.text+0x56): undefined reference to `pthread_cancel'
/usr/bin/ld: src.c:(.text+0x67): undefined reference to `pthread_join'
collect2: error: ld returned 1 exit status
make[1]: *** [CMakeFiles/cmTC_c28bd.dir/build.make:99: cmTC_c28bd] Error 1
make[1]: Leaving directory '/home/eemil/dev/karu/build/CMakeFiles/CMakeTmp'
make: *** [Makefile:127: cmTC_c28bd/fast] Error 2


Source file was:
#include <pthread.h>

static void* test_func(void* data)
{
  return data;
}

int main(void)
{
  pthread_t thread;
  pthread_create(&thread, NULL, test_func, NULL);
  pthread_detach(thread);
  pthread_cancel(thread);
  pthread_join(thread, NULL);
  pthread_atfork(NULL, NULL, NULL);
  pthread_exit(NULL);

  return 0;
}

Determining if the function pthread_create exists in the pthreads failed with the following output:
Change Dir: /home/eemil/dev/karu/build/CMakeFiles/CMakeTmp

Run Build Command(s):/usr/bin/make -f Makefile cmTC_5b13e/fast && /usr/bin/make  -f CMakeFiles/cmTC_5b13e.dir/build.make CMakeFiles/cmTC_5b13e.dir/build
make[1]: Entering directory '/home/eemil/dev/karu/build/CMakeFiles/CMakeTmp'
Building C object CMakeFiles/cmTC_5b13e.dir/CheckFunctionExists.c.o
/usr/bin/cc   -DCHECK_FUNCTION_EXISTS=pthread_create -o CMakeFiles/cmTC_5b13e.dir/CheckFunctionExists.c.o -c /usr/share/cmake/Modules/CheckFunctionExists.c
Linking C executable cmTC_5b13e
/usr/bin/cmake -E cmake_link_script CMakeFiles/cmTC_5b13e.dir/link.txt --verbose=1
/usr/bin/cc  -DCHECK_FUNCTION_EXISTS=pthread_create CMakeFiles/cmTC_5b13e.dir/CheckFunctionExists.c.o -o cmTC_5b13e  -lpthreads 
/usr/bin/ld: cannot find -lpthreads
collect2: error: ld returned 1 exit status
make[1]: *** [CMakeFiles/cmTC_5b13e.dir/build.make:99: cmTC_5b13e] Error 1
make[1]: Leaving directory '/home/eemil/dev/karu/build/CMakeFiles/CMakeTmp'
make: *** [Makefile:127: cmTC_5b13e/fast] Error 2



